<?xml version="1.0" encoding="UTF-8"?>
<coverage generated="1774491022510" clover="3.2.0">
  <project timestamp="1774491022510" name="All files">
    <metrics statements="15" coveredstatements="15" conditionals="2" coveredconditionals="2" methods="12" coveredmethods="12" elements="29" coveredelements="29" complexity="0" loc="15" ncloc="15" packages="1" files="8" classes="8"/>
    <file name="documentExportador.ts" path="/home/usuario/practicas/prct07-design-patterns-Juanes-TM/src/ejercicio-01/documentExportador.ts">
      <metrics statements="4" coveredstatements="4" conditionals="2" coveredconditionals="2" methods="2" coveredmethods="2"/>
      <line num="14" count="2" type="stmt"/>
      <line num="24" count="2" type="cond" truecount="2" falsecount="0"/>
      <line num="25" count="1" type="stmt"/>
      <line num="28" count="1" type="stmt"/>
    </file>
    <file name="factory.ts" path="/home/usuario/practicas/prct07-design-patterns-Juanes-TM/src/ejercicio-01/factory.ts">
      <metrics statements="2" coveredstatements="2" conditionals="0" coveredconditionals="0" methods="1" coveredmethods="1"/>
      <line num="19" count="2" type="stmt"/>
      <line num="20" count="2" type="stmt"/>
    </file>
    <file name="html.ts" path="/home/usuario/practicas/prct07-design-patterns-Juanes-TM/src/ejercicio-01/html.ts">
      <metrics statements="2" coveredstatements="2" conditionals="0" coveredconditionals="0" methods="2" coveredmethods="2"/>
      <line num="13" count="1" type="stmt"/>
      <line num="20" count="1" type="stmt"/>
    </file>
    <file name="htmlFactory.ts" path="/home/usuario/practicas/prct07-design-patterns-Juanes-TM/src/ejercicio-01/htmlFactory.ts">
      <metrics statements="1" coveredstatements="1" conditionals="0" coveredconditionals="0" methods="1" coveredmethods="1"/>
      <line num="13" count="1" type="stmt"/>
    </file>
    <file name="pdf.ts" path="/home/usuario/practicas/prct07-design-patterns-Juanes-TM/src/ejercicio-01/pdf.ts">
      <metrics statements="2" coveredstatements="2" conditionals="0" coveredconditionals="0" methods="2" coveredmethods="2"/>
      <line num="13" count="3" type="stmt"/>
      <line num="20" count="1" type="stmt"/>
    </file>
    <file name="pdfFactory.ts" path="/home/usuario/practicas/prct07-design-patterns-Juanes-TM/src/ejercicio-01/pdfFactory.ts">
      <metrics statements="1" coveredstatements="1" conditionals="0" coveredconditionals="0" methods="1" coveredmethods="1"/>
      <line num="13" count="3" type="stmt"/>
    </file>
    <file name="word.ts" path="/home/usuario/practicas/prct07-design-patterns-Juanes-TM/src/ejercicio-01/word.ts">
      <metrics statements="2" coveredstatements="2" conditionals="0" coveredconditionals="0" methods="2" coveredmethods="2"/>
      <line num="13" count="1" type="stmt"/>
      <line num="20" count="1" type="stmt"/>
    </file>
    <file name="wordFactory.ts" path="/home/usuario/practicas/prct07-design-patterns-Juanes-TM/src/ejercicio-01/wordFactory.ts">
      <metrics statements="1" coveredstatements="1" conditionals="0" coveredconditionals="0" methods="1" coveredmethods="1"/>
      <line num="13" count="1" type="stmt"/>
    </file>
  </project>
</coverage>
