<?xml version="1.0" encoding="UTF-8"?>
<coverage generated="1774507877067" clover="3.2.0">
  <project timestamp="1774507877067" name="All files">
    <metrics statements="112" coveredstatements="112" conditionals="12" coveredconditionals="12" methods="66" coveredmethods="66" elements="190" coveredelements="190" complexity="0" loc="112" ncloc="112" packages="6" files="30" classes="30"/>
    <package name="ejercicio-01">
      <metrics statements="15" coveredstatements="15" conditionals="2" coveredconditionals="2" methods="12" coveredmethods="12"/>
      <file name="documentExportador.ts" path="/home/usuario/practicas/prct07-design-patterns-Juanes-TM/src/ejercicio-01/documentExportador.ts">
        <metrics statements="4" coveredstatements="4" conditionals="2" coveredconditionals="2" methods="2" coveredmethods="2"/>
        <line num="14" count="2" type="stmt"/>
        <line num="24" count="2" type="cond" truecount="2" falsecount="0"/>
        <line num="25" count="1" type="stmt"/>
        <line num="28" count="1" type="stmt"/>
      </file>
      <file name="factory.ts" path="/home/usuario/practicas/prct07-design-patterns-Juanes-TM/src/ejercicio-01/factory.ts">
        <metrics statements="2" coveredstatements="2" conditionals="0" coveredconditionals="0" methods="1" coveredmethods="1"/>
        <line num="19" count="2" type="stmt"/>
        <line num="20" count="2" type="stmt"/>
      </file>
      <file name="html.ts" path="/home/usuario/practicas/prct07-design-patterns-Juanes-TM/src/ejercicio-01/html.ts">
        <metrics statements="2" coveredstatements="2" conditionals="0" coveredconditionals="0" methods="2" coveredmethods="2"/>
        <line num="13" count="1" type="stmt"/>
        <line num="20" count="1" type="stmt"/>
      </file>
      <file name="htmlFactory.ts" path="/home/usuario/practicas/prct07-design-patterns-Juanes-TM/src/ejercicio-01/htmlFactory.ts">
        <metrics statements="1" coveredstatements="1" conditionals="0" coveredconditionals="0" methods="1" coveredmethods="1"/>
        <line num="13" count="1" type="stmt"/>
      </file>
      <file name="pdf.ts" path="/home/usuario/practicas/prct07-design-patterns-Juanes-TM/src/ejercicio-01/pdf.ts">
        <metrics statements="2" coveredstatements="2" conditionals="0" coveredconditionals="0" methods="2" coveredmethods="2"/>
        <line num="13" count="3" type="stmt"/>
        <line num="20" count="1" type="stmt"/>
      </file>
      <file name="pdfFactory.ts" path="/home/usuario/practicas/prct07-design-patterns-Juanes-TM/src/ejercicio-01/pdfFactory.ts">
        <metrics statements="1" coveredstatements="1" conditionals="0" coveredconditionals="0" methods="1" coveredmethods="1"/>
        <line num="13" count="3" type="stmt"/>
      </file>
      <file name="word.ts" path="/home/usuario/practicas/prct07-design-patterns-Juanes-TM/src/ejercicio-01/word.ts">
        <metrics statements="2" coveredstatements="2" conditionals="0" coveredconditionals="0" methods="2" coveredmethods="2"/>
        <line num="13" count="1" type="stmt"/>
        <line num="20" count="1" type="stmt"/>
      </file>
      <file name="wordFactory.ts" path="/home/usuario/practicas/prct07-design-patterns-Juanes-TM/src/ejercicio-01/wordFactory.ts">
        <metrics statements="1" coveredstatements="1" conditionals="0" coveredconditionals="0" methods="1" coveredmethods="1"/>
        <line num="13" count="1" type="stmt"/>
      </file>
    </package>
    <package name="ejercicio-02">
      <metrics statements="16" coveredstatements="16" conditionals="0" coveredconditionals="0" methods="7" coveredmethods="7"/>
      <file name="BuildFacade.ts" path="/home/usuario/practicas/prct07-design-patterns-Juanes-TM/src/ejercicio-02/BuildFacade.ts">
        <metrics statements="11" coveredstatements="11" conditionals="0" coveredconditionals="0" methods="2" coveredmethods="2"/>
        <line num="14" count="2" type="stmt"/>
        <line num="15" count="2" type="stmt"/>
        <line num="16" count="2" type="stmt"/>
        <line num="17" count="2" type="stmt"/>
        <line num="18" count="2" type="stmt"/>
        <line num="25" count="2" type="stmt"/>
        <line num="26" count="2" type="stmt"/>
        <line num="27" count="2" type="stmt"/>
        <line num="35" count="1" type="stmt"/>
        <line num="36" count="1" type="stmt"/>
        <line num="37" count="1" type="stmt"/>
      </file>
      <file name="clasesBasicas.ts" path="/home/usuario/practicas/prct07-design-patterns-Juanes-TM/src/ejercicio-02/clasesBasicas.ts">
        <metrics statements="5" coveredstatements="5" conditionals="0" coveredconditionals="0" methods="5" coveredmethods="5"/>
        <line num="9" count="1" type="stmt"/>
        <line num="21" count="1" type="stmt"/>
        <line num="33" count="1" type="stmt"/>
        <line num="45" count="1" type="stmt"/>
        <line num="57" count="1" type="stmt"/>
      </file>
    </package>
    <package name="ejercicio-03">
      <metrics statements="15" coveredstatements="15" conditionals="4" coveredconditionals="4" methods="7" coveredmethods="7"/>
      <file name="CalculadoraCostes.ts" path="/home/usuario/practicas/prct07-design-patterns-Juanes-TM/src/ejercicio-03/CalculadoraCostes.ts">
        <metrics statements="3" coveredstatements="3" conditionals="0" coveredconditionals="0" methods="3" coveredmethods="3"/>
        <line num="11" count="3" type="stmt"/>
        <line num="20" count="5" type="stmt"/>
        <line num="28" count="3" type="stmt"/>
      </file>
      <file name="Shipment.ts" path="/home/usuario/practicas/prct07-design-patterns-Juanes-TM/src/ejercicio-03/Shipment.ts">
        <metrics statements="9" coveredstatements="9" conditionals="4" coveredconditionals="4" methods="1" coveredmethods="1"/>
        <line num="18" count="2" type="cond" truecount="4" falsecount="0"/>
        <line num="19" count="1" type="stmt"/>
        <line num="21" count="1" type="stmt"/>
        <line num="23" count="1" type="stmt"/>
        <line num="24" count="1" type="stmt"/>
        <line num="26" count="1" type="stmt"/>
        <line num="27" count="1" type="stmt"/>
        <line num="29" count="1" type="stmt"/>
        <line num="30" count="1" type="stmt"/>
      </file>
      <file name="estantar.ts" path="/home/usuario/practicas/prct07-design-patterns-Juanes-TM/src/ejercicio-03/estantar.ts">
        <metrics statements="1" coveredstatements="1" conditionals="0" coveredconditionals="0" methods="1" coveredmethods="1"/>
        <line num="15" count="3" type="stmt"/>
      </file>
      <file name="internacional.ts" path="/home/usuario/practicas/prct07-design-patterns-Juanes-TM/src/ejercicio-03/internacional.ts">
        <metrics statements="1" coveredstatements="1" conditionals="0" coveredconditionals="0" methods="1" coveredmethods="1"/>
        <line num="15" count="2" type="stmt"/>
      </file>
      <file name="urgente.ts" path="/home/usuario/practicas/prct07-design-patterns-Juanes-TM/src/ejercicio-03/urgente.ts">
        <metrics statements="1" coveredstatements="1" conditionals="0" coveredconditionals="0" methods="1" coveredmethods="1"/>
        <line num="15" count="3" type="stmt"/>
      </file>
    </package>
    <package name="ejercicio-04">
      <metrics statements="16" coveredstatements="16" conditionals="2" coveredconditionals="2" methods="12" coveredmethods="12"/>
      <file name="ArcherTraining.ts" path="/home/usuario/practicas/prct07-design-patterns-Juanes-TM/src/ejercicio-04/ArcherTraining.ts">
        <metrics statements="2" coveredstatements="2" conditionals="0" coveredconditionals="0" methods="2" coveredmethods="2"/>
        <line num="11" count="1" type="stmt"/>
        <line num="18" count="1" type="stmt"/>
      </file>
      <file name="MageTraining.ts" path="/home/usuario/practicas/prct07-design-patterns-Juanes-TM/src/ejercicio-04/MageTraining.ts">
        <metrics statements="2" coveredstatements="2" conditionals="0" coveredconditionals="0" methods="2" coveredmethods="2"/>
        <line num="11" count="1" type="stmt"/>
        <line num="18" count="1" type="stmt"/>
      </file>
      <file name="TrainingRoutine.ts" path="/home/usuario/practicas/prct07-design-patterns-Juanes-TM/src/ejercicio-04/TrainingRoutine.ts">
        <metrics statements="10" coveredstatements="10" conditionals="2" coveredconditionals="2" methods="5" coveredmethods="5"/>
        <line num="12" count="3" type="stmt"/>
        <line num="13" count="3" type="stmt"/>
        <line num="14" count="3" type="stmt"/>
        <line num="16" count="3" type="cond" truecount="2" falsecount="0"/>
        <line num="17" count="2" type="stmt"/>
        <line num="20" count="3" type="stmt"/>
        <line num="27" count="3" type="stmt"/>
        <line num="40" count="3" type="stmt"/>
        <line num="54" count="2" type="stmt"/>
        <line num="61" count="3" type="stmt"/>
      </file>
      <file name="WarriorTraining.ts" path="/home/usuario/practicas/prct07-design-patterns-Juanes-TM/src/ejercicio-04/WarriorTraining.ts">
        <metrics statements="2" coveredstatements="2" conditionals="0" coveredconditionals="0" methods="3" coveredmethods="3"/>
        <line num="12" count="1" type="stmt"/>
        <line num="19" count="1" type="stmt"/>
      </file>
    </package>
    <package name="ejercicio-05">
      <metrics statements="35" coveredstatements="35" conditionals="4" coveredconditionals="4" methods="16" coveredmethods="16"/>
      <file name="AudioEngine.ts" path="/home/usuario/practicas/prct07-design-patterns-Juanes-TM/src/ejercicio-05/AudioEngine.ts">
        <metrics statements="2" coveredstatements="2" conditionals="0" coveredconditionals="0" methods="2" coveredmethods="2"/>
        <line num="11" count="3" type="stmt"/>
        <line num="18" count="2" type="stmt"/>
      </file>
      <file name="GameFacade.ts" path="/home/usuario/practicas/prct07-design-patterns-Juanes-TM/src/ejercicio-05/GameFacade.ts">
        <metrics statements="20" coveredstatements="20" conditionals="0" coveredconditionals="0" methods="3" coveredmethods="3"/>
        <line num="13" count="3" type="stmt"/>
        <line num="14" count="3" type="stmt"/>
        <line num="15" count="3" type="stmt"/>
        <line num="16" count="3" type="stmt"/>
        <line num="17" count="3" type="stmt"/>
        <line num="18" count="3" type="stmt"/>
        <line num="24" count="2" type="stmt"/>
        <line num="25" count="2" type="stmt"/>
        <line num="26" count="2" type="stmt"/>
        <line num="27" count="2" type="stmt"/>
        <line num="28" count="2" type="stmt"/>
        <line num="29" count="2" type="stmt"/>
        <line num="37" count="1" type="stmt"/>
        <line num="38" count="1" type="stmt"/>
        <line num="45" count="1" type="stmt"/>
        <line num="46" count="1" type="stmt"/>
        <line num="47" count="1" type="stmt"/>
        <line num="48" count="1" type="stmt"/>
        <line num="49" count="1" type="stmt"/>
        <line num="50" count="1" type="stmt"/>
      </file>
      <file name="GraphicsEngine.ts" path="/home/usuario/practicas/prct07-design-patterns-Juanes-TM/src/ejercicio-05/GraphicsEngine.ts">
        <metrics statements="2" coveredstatements="2" conditionals="0" coveredconditionals="0" methods="2" coveredmethods="2"/>
        <line num="11" count="3" type="stmt"/>
        <line num="18" count="2" type="stmt"/>
      </file>
      <file name="InputManager.ts" path="/home/usuario/practicas/prct07-design-patterns-Juanes-TM/src/ejercicio-05/InputManager.ts">
        <metrics statements="2" coveredstatements="2" conditionals="0" coveredconditionals="0" methods="2" coveredmethods="2"/>
        <line num="11" count="3" type="stmt"/>
        <line num="18" count="2" type="stmt"/>
      </file>
      <file name="NetworkManager.ts" path="/home/usuario/practicas/prct07-design-patterns-Juanes-TM/src/ejercicio-05/NetworkManager.ts">
        <metrics statements="2" coveredstatements="2" conditionals="0" coveredconditionals="0" methods="2" coveredmethods="2"/>
        <line num="9" count="3" type="stmt"/>
        <line num="16" count="2" type="stmt"/>
      </file>
      <file name="PhysicsEngine.ts" path="/home/usuario/practicas/prct07-design-patterns-Juanes-TM/src/ejercicio-05/PhysicsEngine.ts">
        <metrics statements="2" coveredstatements="2" conditionals="0" coveredconditionals="0" methods="2" coveredmethods="2"/>
        <line num="11" count="3" type="stmt"/>
        <line num="18" count="2" type="stmt"/>
      </file>
      <file name="SaveSystem.ts" path="/home/usuario/practicas/prct07-design-patterns-Juanes-TM/src/ejercicio-05/SaveSystem.ts">
        <metrics statements="5" coveredstatements="5" conditionals="4" coveredconditionals="4" methods="3" coveredmethods="3"/>
        <line num="11" count="3" type="stmt"/>
        <line num="18" count="2" type="stmt"/>
        <line num="27" count="3" type="cond" truecount="4" falsecount="0"/>
        <line num="28" count="1" type="stmt"/>
        <line num="31" count="2" type="stmt"/>
      </file>
    </package>
    <package name="ejercicio-06">
      <metrics statements="15" coveredstatements="15" conditionals="0" coveredconditionals="0" methods="12" coveredmethods="12"/>
      <file name="HistoryStrategy.ts" path="/home/usuario/practicas/prct07-design-patterns-Juanes-TM/src/ejercicio-06/HistoryStrategy.ts">
        <metrics statements="4" coveredstatements="4" conditionals="0" coveredconditionals="0" methods="3" coveredmethods="3"/>
        <line num="15" count="2" type="stmt"/>
        <line num="17" count="2" type="stmt"/>
        <line num="18" count="6" type="stmt"/>
        <line num="20" count="4" type="stmt"/>
      </file>
      <file name="PopularStrategy.ts" path="/home/usuario/practicas/prct07-design-patterns-Juanes-TM/src/ejercicio-06/PopularStrategy.ts">
        <metrics statements="3" coveredstatements="3" conditionals="0" coveredconditionals="0" methods="3" coveredmethods="3"/>
        <line num="15" count="2" type="stmt"/>
        <line num="16" count="8" type="stmt"/>
        <line num="18" count="6" type="stmt"/>
      </file>
      <file name="RecommendationEngine.ts" path="/home/usuario/practicas/prct07-design-patterns-Juanes-TM/src/ejercicio-06/RecommendationEngine.ts">
        <metrics statements="4" coveredstatements="4" conditionals="0" coveredconditionals="0" methods="3" coveredmethods="3"/>
        <line num="14" count="2" type="stmt"/>
        <line num="15" count="2" type="stmt"/>
        <line num="24" count="2" type="stmt"/>
        <line num="32" count="1" type="stmt"/>
      </file>
      <file name="SimilarStrategy.ts" path="/home/usuario/practicas/prct07-design-patterns-Juanes-TM/src/ejercicio-06/SimilarStrategy.ts">
        <metrics statements="4" coveredstatements="4" conditionals="0" coveredconditionals="0" methods="3" coveredmethods="3"/>
        <line num="15" count="1" type="stmt"/>
        <line num="17" count="1" type="stmt"/>
        <line num="18" count="3" type="stmt"/>
        <line num="19" count="2" type="stmt"/>
      </file>
    </package>
  </project>
</coverage>
