{"/home/usuario/practicas/prct07-design-patterns-Juanes-TM/src/ejercicio-01/documentExportador.ts": {"path":"/home/usuario/practicas/prct07-design-patterns-Juanes-TM/src/ejercicio-01/documentExportador.ts","statementMap":{"0":{"start":{"line":14,"column":4},"end":{"line":14,"column":null}},"1":{"start":{"line":24,"column":4},"end":{"line":26,"column":null}},"2":{"start":{"line":25,"column":6},"end":{"line":25,"column":null}},"3":{"start":{"line":28,"column":4},"end":{"line":28,"column":null}}},"fnMap":{"0":{"name":"(anonymous_0)","decl":{"start":{"line":13,"column":10},"end":{"line":13,"column":18}},"loc":{"start":{"line":13,"column":46},"end":{"line":15,"column":null}},"line":13},"1":{"name":"(anonymous_1)","decl":{"start":{"line":23,"column":2},"end":{"line":23,"column":11}},"loc":{"start":{"line":23,"column":66},"end":{"line":29,"column":null}},"line":23}},"branchMap":{"0":{"loc":{"start":{"line":24,"column":4},"end":{"line":26,"column":null}},"type":"if","locations":[{"start":{"line":24,"column":4},"end":{"line":26,"column":null}},{"start":{},"end":{}}],"line":24}},"s":{"0":2,"1":2,"2":1,"3":1},"f":{"0":2,"1":2},"b":{"0":[1,1]},"meta":{"lastBranch":1,"lastFunction":2,"lastStatement":4,"seen":{"f:13:10:13:18":0,"s:14:4:14:Infinity":0,"f:23:2:23:11":1,"b:24:4:26:Infinity:undefined:undefined:undefined:undefined":0,"s:24:4:26:Infinity":1,"s:25:6:25:Infinity":2,"s:28:4:28:Infinity":3}}}
,"/home/usuario/practicas/prct07-design-patterns-Juanes-TM/src/ejercicio-01/factory.ts": {"path":"/home/usuario/practicas/prct07-design-patterns-Juanes-TM/src/ejercicio-01/factory.ts","statementMap":{"0":{"start":{"line":19,"column":23},"end":{"line":19,"column":null}},"1":{"start":{"line":20,"column":4},"end":{"line":20,"column":null}}},"fnMap":{"0":{"name":"(anonymous_0)","decl":{"start":{"line":18,"column":2},"end":{"line":18,"column":18}},"loc":{"start":{"line":18,"column":43},"end":{"line":21,"column":null}},"line":18}},"branchMap":{},"s":{"0":2,"1":2},"f":{"0":2},"b":{},"meta":{"lastBranch":0,"lastFunction":1,"lastStatement":2,"seen":{"f:18:2:18:18":0,"s:19:23:19:Infinity":0,"s:20:4:20:Infinity":1}}}
,"/home/usuario/practicas/prct07-design-patterns-Juanes-TM/src/ejercicio-01/html.ts": {"path":"/home/usuario/practicas/prct07-design-patterns-Juanes-TM/src/ejercicio-01/html.ts","statementMap":{"0":{"start":{"line":13,"column":4},"end":{"line":13,"column":null}},"1":{"start":{"line":20,"column":4},"end":{"line":20,"column":null}}},"fnMap":{"0":{"name":"(anonymous_0)","decl":{"start":{"line":12,"column":2},"end":{"line":12,"column":9}},"loc":{"start":{"line":12,"column":34},"end":{"line":14,"column":null}},"line":12},"1":{"name":"(anonymous_1)","decl":{"start":{"line":19,"column":2},"end":{"line":19,"column":29}},"loc":{"start":{"line":19,"column":29},"end":{"line":21,"column":null}},"line":19}},"branchMap":{},"s":{"0":1,"1":1},"f":{"0":1,"1":1},"b":{},"meta":{"lastBranch":0,"lastFunction":2,"lastStatement":2,"seen":{"f:12:2:12:9":0,"s:13:4:13:Infinity":0,"f:19:2:19:29":1,"s:20:4:20:Infinity":1}}}
,"/home/usuario/practicas/prct07-design-patterns-Juanes-TM/src/ejercicio-01/htmlFactory.ts": {"path":"/home/usuario/practicas/prct07-design-patterns-Juanes-TM/src/ejercicio-01/htmlFactory.ts","statementMap":{"0":{"start":{"line":13,"column":4},"end":{"line":13,"column":null}}},"fnMap":{"0":{"name":"(anonymous_0)","decl":{"start":{"line":12,"column":2},"end":{"line":12,"column":32}},"loc":{"start":{"line":12,"column":32},"end":{"line":14,"column":null}},"line":12}},"branchMap":{},"s":{"0":1},"f":{"0":1},"b":{},"meta":{"lastBranch":0,"lastFunction":1,"lastStatement":1,"seen":{"f:12:2:12:32":0,"s:13:4:13:Infinity":0}}}
,"/home/usuario/practicas/prct07-design-patterns-Juanes-TM/src/ejercicio-01/pdf.ts": {"path":"/home/usuario/practicas/prct07-design-patterns-Juanes-TM/src/ejercicio-01/pdf.ts","statementMap":{"0":{"start":{"line":13,"column":4},"end":{"line":13,"column":null}},"1":{"start":{"line":20,"column":4},"end":{"line":20,"column":null}}},"fnMap":{"0":{"name":"(anonymous_0)","decl":{"start":{"line":12,"column":2},"end":{"line":12,"column":9}},"loc":{"start":{"line":12,"column":34},"end":{"line":14,"column":null}},"line":12},"1":{"name":"(anonymous_1)","decl":{"start":{"line":19,"column":2},"end":{"line":19,"column":29}},"loc":{"start":{"line":19,"column":29},"end":{"line":21,"column":null}},"line":19}},"branchMap":{},"s":{"0":3,"1":1},"f":{"0":3,"1":1},"b":{},"meta":{"lastBranch":0,"lastFunction":2,"lastStatement":2,"seen":{"f:12:2:12:9":0,"s:13:4:13:Infinity":0,"f:19:2:19:29":1,"s:20:4:20:Infinity":1}}}
,"/home/usuario/practicas/prct07-design-patterns-Juanes-TM/src/ejercicio-01/pdfFactory.ts": {"path":"/home/usuario/practicas/prct07-design-patterns-Juanes-TM/src/ejercicio-01/pdfFactory.ts","statementMap":{"0":{"start":{"line":13,"column":4},"end":{"line":13,"column":null}}},"fnMap":{"0":{"name":"(anonymous_0)","decl":{"start":{"line":12,"column":2},"end":{"line":12,"column":32}},"loc":{"start":{"line":12,"column":32},"end":{"line":14,"column":null}},"line":12}},"branchMap":{},"s":{"0":3},"f":{"0":3},"b":{},"meta":{"lastBranch":0,"lastFunction":1,"lastStatement":1,"seen":{"f:12:2:12:32":0,"s:13:4:13:Infinity":0}}}
,"/home/usuario/practicas/prct07-design-patterns-Juanes-TM/src/ejercicio-01/word.ts": {"path":"/home/usuario/practicas/prct07-design-patterns-Juanes-TM/src/ejercicio-01/word.ts","statementMap":{"0":{"start":{"line":13,"column":4},"end":{"line":13,"column":null}},"1":{"start":{"line":20,"column":4},"end":{"line":20,"column":null}}},"fnMap":{"0":{"name":"(anonymous_0)","decl":{"start":{"line":12,"column":2},"end":{"line":12,"column":9}},"loc":{"start":{"line":12,"column":34},"end":{"line":14,"column":null}},"line":12},"1":{"name":"(anonymous_1)","decl":{"start":{"line":19,"column":2},"end":{"line":19,"column":29}},"loc":{"start":{"line":19,"column":29},"end":{"line":21,"column":null}},"line":19}},"branchMap":{},"s":{"0":1,"1":1},"f":{"0":1,"1":1},"b":{},"meta":{"lastBranch":0,"lastFunction":2,"lastStatement":2,"seen":{"f:12:2:12:9":0,"s:13:4:13:Infinity":0,"f:19:2:19:29":1,"s:20:4:20:Infinity":1}}}
,"/home/usuario/practicas/prct07-design-patterns-Juanes-TM/src/ejercicio-01/wordFactory.ts": {"path":"/home/usuario/practicas/prct07-design-patterns-Juanes-TM/src/ejercicio-01/wordFactory.ts","statementMap":{"0":{"start":{"line":13,"column":4},"end":{"line":13,"column":null}}},"fnMap":{"0":{"name":"(anonymous_0)","decl":{"start":{"line":12,"column":2},"end":{"line":12,"column":32}},"loc":{"start":{"line":12,"column":32},"end":{"line":14,"column":null}},"line":12}},"branchMap":{},"s":{"0":1},"f":{"0":1},"b":{},"meta":{"lastBranch":0,"lastFunction":1,"lastStatement":1,"seen":{"f:12:2:12:32":0,"s:13:4:13:Infinity":0}}}
,"/home/usuario/practicas/prct07-design-patterns-Juanes-TM/src/ejercicio-02/BuildFacade.ts": {"path":"/home/usuario/practicas/prct07-design-patterns-Juanes-TM/src/ejercicio-02/BuildFacade.ts","statementMap":{"0":{"start":{"line":14,"column":22},"end":{"line":14,"column":null}},"1":{"start":{"line":15,"column":19},"end":{"line":15,"column":null}},"2":{"start":{"line":16,"column":19},"end":{"line":16,"column":null}},"3":{"start":{"line":17,"column":21},"end":{"line":17,"column":null}},"4":{"start":{"line":18,"column":20},"end":{"line":18,"column":null}},"5":{"start":{"line":25,"column":4},"end":{"line":25,"column":null}},"6":{"start":{"line":26,"column":4},"end":{"line":26,"column":null}},"7":{"start":{"line":27,"column":4},"end":{"line":27,"column":null}},"8":{"start":{"line":35,"column":4},"end":{"line":35,"column":null}},"9":{"start":{"line":36,"column":4},"end":{"line":36,"column":null}},"10":{"start":{"line":37,"column":4},"end":{"line":37,"column":null}}},"fnMap":{"0":{"name":"(anonymous_0)","decl":{"start":{"line":24,"column":2},"end":{"line":24,"column":27}},"loc":{"start":{"line":24,"column":27},"end":{"line":28,"column":null}},"line":24},"1":{"name":"(anonymous_1)","decl":{"start":{"line":34,"column":2},"end":{"line":34,"column":23}},"loc":{"start":{"line":34,"column":23},"end":{"line":38,"column":null}},"line":34}},"branchMap":{},"s":{"0":2,"1":2,"2":2,"3":2,"4":2,"5":2,"6":2,"7":2,"8":1,"9":1,"10":1},"f":{"0":2,"1":1},"b":{},"meta":{"lastBranch":0,"lastFunction":2,"lastStatement":11,"seen":{"s:14:22:14:Infinity":0,"s:15:19:15:Infinity":1,"s:16:19:16:Infinity":2,"s:17:21:17:Infinity":3,"s:18:20:18:Infinity":4,"f:24:2:24:27":0,"s:25:4:25:Infinity":5,"s:26:4:26:Infinity":6,"s:27:4:27:Infinity":7,"f:34:2:34:23":1,"s:35:4:35:Infinity":8,"s:36:4:36:Infinity":9,"s:37:4:37:Infinity":10}}}
,"/home/usuario/practicas/prct07-design-patterns-Juanes-TM/src/ejercicio-02/clasesBasicas.ts": {"path":"/home/usuario/practicas/prct07-design-patterns-Juanes-TM/src/ejercicio-02/clasesBasicas.ts","statementMap":{"0":{"start":{"line":9,"column":4},"end":{"line":9,"column":null}},"1":{"start":{"line":21,"column":4},"end":{"line":21,"column":null}},"2":{"start":{"line":33,"column":4},"end":{"line":33,"column":null}},"3":{"start":{"line":45,"column":4},"end":{"line":45,"column":null}},"4":{"start":{"line":57,"column":4},"end":{"line":57,"column":null}}},"fnMap":{"0":{"name":"(anonymous_0)","decl":{"start":{"line":8,"column":2},"end":{"line":8,"column":19}},"loc":{"start":{"line":8,"column":19},"end":{"line":10,"column":null}},"line":8},"1":{"name":"(anonymous_1)","decl":{"start":{"line":20,"column":2},"end":{"line":20,"column":20}},"loc":{"start":{"line":20,"column":20},"end":{"line":22,"column":null}},"line":20},"2":{"name":"(anonymous_2)","decl":{"start":{"line":32,"column":2},"end":{"line":32,"column":20}},"loc":{"start":{"line":32,"column":20},"end":{"line":34,"column":null}},"line":32},"3":{"name":"(anonymous_3)","decl":{"start":{"line":44,"column":2},"end":{"line":44,"column":16}},"loc":{"start":{"line":44,"column":16},"end":{"line":46,"column":null}},"line":44},"4":{"name":"(anonymous_4)","decl":{"start":{"line":56,"column":2},"end":{"line":56,"column":19}},"loc":{"start":{"line":56,"column":19},"end":{"line":58,"column":null}},"line":56}},"branchMap":{},"s":{"0":1,"1":1,"2":1,"3":1,"4":1},"f":{"0":1,"1":1,"2":1,"3":1,"4":1},"b":{},"meta":{"lastBranch":0,"lastFunction":5,"lastStatement":5,"seen":{"f:8:2:8:19":0,"s:9:4:9:Infinity":0,"f:20:2:20:20":1,"s:21:4:21:Infinity":1,"f:32:2:32:20":2,"s:33:4:33:Infinity":2,"f:44:2:44:16":3,"s:45:4:45:Infinity":3,"f:56:2:56:19":4,"s:57:4:57:Infinity":4}}}
}
